<?xml version="1.0" encoding="UTF-8"?>
<!-- Generated by org.testng.reporters.JUnitReportReporter -->
<testsuite hostname="DESKTOP-JS001VH" failures="0" tests="1" name="Inheritance_Automation.Rediff_login" time="5.452" errors="0" timestamp="2022-08-31T21:14:25 PDT" skipped="0">
  <testcase classname="Inheritance_Automation.Rediff_login" name="rediffLoginCredentials" time="5.452"/>
  <system-out/>
</testsuite> <!-- Inheritance_Automation.Rediff_login -->
