<?xml version="1.0" encoding="UTF-8"?>
<!-- Generated by org.testng.reporters.JUnitReportReporter -->
<testsuite hostname="DESKTOP-JS001VH" failures="0" tests="1" name="AUTOMATION_TESTING.Rediff_Tes_tcase" time="7.860" errors="0" timestamp="2022-07-31T12:00:05 PDT" skipped="0">
  <testcase classname="AUTOMATION_TESTING.Rediff_Tes_tcase" name="loginCredentials" time="7.860"/>
  <system-out/>
</testsuite> <!-- AUTOMATION_TESTING.Rediff_Tes_tcase -->
