<?xml version="1.0" encoding="UTF-8"?>
<!-- Generated by org.testng.reporters.JUnitReportReporter -->
<testsuite hostname="DESKTOP-JS001VH" failures="0" tests="1" name="AUTOMATION_TESTING.Assertion_Webelement" time="0.063" errors="0" timestamp="2022-08-13T19:41:46 PDT" skipped="0">
  <testcase classname="AUTOMATION_TESTING.Assertion_Webelement" name="loginCredentials" time="0.063"/>
  <system-out/>
</testsuite> <!-- AUTOMATION_TESTING.Assertion_Webelement -->
